2022-08-07 00:58:36.134  INFO 12112 --- [restartedMain] c.m.admin.MediCareBackEndApplication     : Starting MediCareBackEndApplication using Java 15.0.2 on DESKTOP-CGI9PMJ with PID 12112 (C:\MediCare\MediCareProject\MediCareWebParent\MediCareBackEnd\target\classes started by ABHINAV in C:\MediCare\MediCareProject\MediCareWebParent\MediCareBackEnd)
2022-08-07 00:58:36.135  INFO 12112 --- [restartedMain] c.m.admin.MediCareBackEndApplication     : No active profile set, falling back to 1 default profile: "default"
2022-08-07 00:58:36.423  INFO 12112 --- [restartedMain] .s.d.r.c.RepositoryConfigurationDelegate : Bootstrapping Spring Data JPA repositories in DEFAULT mode.
2022-08-07 00:58:36.443  INFO 12112 --- [restartedMain] .s.d.r.c.RepositoryConfigurationDelegate : Finished Spring Data repository scanning in 18 ms. Found 2 JPA repository interfaces.
2022-08-07 00:58:36.596  INFO 12112 --- [restartedMain] o.s.b.w.embedded.tomcat.TomcatWebServer  : Tomcat initialized with port(s): 8080 (http)
2022-08-07 00:58:36.598  INFO 12112 --- [restartedMain] o.apache.catalina.core.StandardService   : Starting service [Tomcat]
2022-08-07 00:58:36.599  INFO 12112 --- [restartedMain] org.apache.catalina.core.StandardEngine  : Starting Servlet engine: [Apache Tomcat/9.0.60]
2022-08-07 00:58:36.627  INFO 12112 --- [restartedMain] o.a.c.c.C.[.[.[/MediCareAdmin]           : Initializing Spring embedded WebApplicationContext
2022-08-07 00:58:36.627  INFO 12112 --- [restartedMain] w.s.c.ServletWebServerApplicationContext : Root WebApplicationContext: initialization completed in 487 ms
2022-08-07 00:58:36.685  INFO 12112 --- [restartedMain] o.hibernate.jpa.internal.util.LogHelper  : HHH000204: Processing PersistenceUnitInfo [name: default]
2022-08-07 00:58:36.699  INFO 12112 --- [restartedMain] com.zaxxer.hikari.HikariDataSource       : HikariPool-4 - Starting...
2022-08-07 00:58:36.728  INFO 12112 --- [restartedMain] com.zaxxer.hikari.HikariDataSource       : HikariPool-4 - Start completed.
2022-08-07 00:58:36.729  INFO 12112 --- [restartedMain] org.hibernate.dialect.Dialect            : HHH000400: Using dialect: org.hibernate.dialect.MySQL8Dialect
2022-08-07 00:58:36.813  INFO 12112 --- [restartedMain] o.h.e.t.j.p.i.JtaPlatformInitiator       : HHH000490: Using JtaPlatform implementation: [org.hibernate.engine.transaction.jta.platform.internal.NoJtaPlatform]
2022-08-07 00:58:36.813  INFO 12112 --- [restartedMain] j.LocalContainerEntityManagerFactoryBean : Initialized JPA EntityManagerFactory for persistence unit 'default'
2022-08-07 00:58:36.843  WARN 12112 --- [restartedMain] JpaBaseConfiguration$JpaWebConfiguration : spring.jpa.open-in-view is enabled by default. Therefore, database queries may be performed during view rendering. Explicitly configure spring.jpa.open-in-view to disable this warning
2022-08-07 00:58:37.014  WARN 12112 --- [restartedMain] o.s.s.c.a.web.builders.WebSecurity       : You are asking Spring Security to ignore Ant [pattern='/images/**']. This is not recommended -- please use permitAll via HttpSecurity#authorizeHttpRequests instead.
2022-08-07 00:58:37.014  INFO 12112 --- [restartedMain] o.s.s.web.DefaultSecurityFilterChain     : Will secure Ant [pattern='/images/**'] with []
2022-08-07 00:58:37.014  WARN 12112 --- [restartedMain] o.s.s.c.a.web.builders.WebSecurity       : You are asking Spring Security to ignore Ant [pattern='/js/**']. This is not recommended -- please use permitAll via HttpSecurity#authorizeHttpRequests instead.
2022-08-07 00:58:37.014  INFO 12112 --- [restartedMain] o.s.s.web.DefaultSecurityFilterChain     : Will secure Ant [pattern='/js/**'] with []
2022-08-07 00:58:37.015  WARN 12112 --- [restartedMain] o.s.s.c.a.web.builders.WebSecurity       : You are asking Spring Security to ignore Ant [pattern='/webjars/**']. This is not recommended -- please use permitAll via HttpSecurity#authorizeHttpRequests instead.
2022-08-07 00:58:37.015  INFO 12112 --- [restartedMain] o.s.s.web.DefaultSecurityFilterChain     : Will secure Ant [pattern='/webjars/**'] with []
2022-08-07 00:58:37.028  INFO 12112 --- [restartedMain] o.s.s.web.DefaultSecurityFilterChain     : Will not secure any request
2022-08-07 00:58:37.128  INFO 12112 --- [restartedMain] o.s.b.a.w.s.WelcomePageHandlerMapping    : Adding welcome page template: index
2022-08-07 00:58:37.654  INFO 12112 --- [restartedMain] o.s.b.d.a.OptionalLiveReloadServer       : LiveReload server is running on port 35729
2022-08-07 00:58:37.674  INFO 12112 --- [restartedMain] o.s.b.w.embedded.tomcat.TomcatWebServer  : Tomcat started on port(s): 8080 (http) with context path '/MediCareAdmin'
2022-08-07 00:58:37.692  INFO 12112 --- [restartedMain] c.m.admin.MediCareBackEndApplication     : Started MediCareBackEndApplication in 1.62 seconds (JVM running for 275.966)
2022-08-07 00:58:37.695  INFO 12112 --- [restartedMain] .ConditionEvaluationDeltaLoggingListener : Condition evaluation unchanged
2022-08-07 01:02:52.118  INFO 12112 --- [Thread-15] j.LocalContainerEntityManagerFactoryBean : Closing JPA EntityManagerFactory for persistence unit 'default'
2022-08-07 01:02:52.119  INFO 12112 --- [Thread-15] com.zaxxer.hikari.HikariDataSource       : HikariPool-4 - Shutdown initiated...
2022-08-07 01:02:52.125  INFO 12112 --- [Thread-15] com.zaxxer.hikari.HikariDataSource       : HikariPool-4 - Shutdown completed.
2022-08-07 01:02:52.247  INFO 12112 --- [restartedMain] c.m.admin.MediCareBackEndApplication     : Starting MediCareBackEndApplication using Java 15.0.2 on DESKTOP-CGI9PMJ with PID 12112 (C:\MediCare\MediCareProject\MediCareWebParent\MediCareBackEnd\target\classes started by ABHINAV in C:\MediCare\MediCareProject\MediCareWebParent\MediCareBackEnd)
2022-08-07 01:02:52.248  INFO 12112 --- [restartedMain] c.m.admin.MediCareBackEndApplication     : No active profile set, falling back to 1 default profile: "default"
2022-08-07 01:02:52.539  INFO 12112 --- [restartedMain] .s.d.r.c.RepositoryConfigurationDelegate : Bootstrapping Spring Data JPA repositories in DEFAULT mode.
2022-08-07 01:02:52.558  INFO 12112 --- [restartedMain] .s.d.r.c.RepositoryConfigurationDelegate : Finished Spring Data repository scanning in 19 ms. Found 2 JPA repository interfaces.
2022-08-07 01:02:52.706  INFO 12112 --- [restartedMain] o.s.b.w.embedded.tomcat.TomcatWebServer  : Tomcat initialized with port(s): 8080 (http)
2022-08-07 01:02:52.707  INFO 12112 --- [restartedMain] o.apache.catalina.core.StandardService   : Starting service [Tomcat]
2022-08-07 01:02:52.708  INFO 12112 --- [restartedMain] org.apache.catalina.core.StandardEngine  : Starting Servlet engine: [Apache Tomcat/9.0.60]
2022-08-07 01:02:52.738  INFO 12112 --- [restartedMain] o.a.c.c.C.[.[.[/MediCareAdmin]           : Initializing Spring embedded WebApplicationContext
2022-08-07 01:02:52.738  INFO 12112 --- [restartedMain] w.s.c.ServletWebServerApplicationContext : Root WebApplicationContext: initialization completed in 485 ms
2022-08-07 01:02:52.798  INFO 12112 --- [restartedMain] o.hibernate.jpa.internal.util.LogHelper  : HHH000204: Processing PersistenceUnitInfo [name: default]
2022-08-07 01:02:52.817  INFO 12112 --- [restartedMain] com.zaxxer.hikari.HikariDataSource       : HikariPool-5 - Starting...
2022-08-07 01:02:52.841  INFO 12112 --- [restartedMain] com.zaxxer.hikari.HikariDataSource       : HikariPool-5 - Start completed.
2022-08-07 01:02:52.842  INFO 12112 --- [restartedMain] org.hibernate.dialect.Dialect            : HHH000400: Using dialect: org.hibernate.dialect.MySQL8Dialect
2022-08-07 01:02:52.919  INFO 12112 --- [restartedMain] o.h.e.t.j.p.i.JtaPlatformInitiator       : HHH000490: Using JtaPlatform implementation: [org.hibernate.engine.transaction.jta.platform.internal.NoJtaPlatform]
2022-08-07 01:02:52.919  INFO 12112 --- [restartedMain] j.LocalContainerEntityManagerFactoryBean : Initialized JPA EntityManagerFactory for persistence unit 'default'
2022-08-07 01:02:52.953  WARN 12112 --- [restartedMain] JpaBaseConfiguration$JpaWebConfiguration : spring.jpa.open-in-view is enabled by default. Therefore, database queries may be performed during view rendering. Explicitly configure spring.jpa.open-in-view to disable this warning
2022-08-07 01:02:53.108  WARN 12112 --- [restartedMain] o.s.s.c.a.web.builders.WebSecurity       : You are asking Spring Security to ignore Ant [pattern='/images/**']. This is not recommended -- please use permitAll via HttpSecurity#authorizeHttpRequests instead.
2022-08-07 01:02:53.108  INFO 12112 --- [restartedMain] o.s.s.web.DefaultSecurityFilterChain     : Will secure Ant [pattern='/images/**'] with []
2022-08-07 01:02:53.108  WARN 12112 --- [restartedMain] o.s.s.c.a.web.builders.WebSecurity       : You are asking Spring Security to ignore Ant [pattern='/js/**']. This is not recommended -- please use permitAll via HttpSecurity#authorizeHttpRequests instead.
2022-08-07 01:02:53.109  INFO 12112 --- [restartedMain] o.s.s.web.DefaultSecurityFilterChain     : Will secure Ant [pattern='/js/**'] with []
2022-08-07 01:02:53.109  WARN 12112 --- [restartedMain] o.s.s.c.a.web.builders.WebSecurity       : You are asking Spring Security to ignore Ant [pattern='/webjars/**']. This is not recommended -- please use permitAll via HttpSecurity#authorizeHttpRequests instead.
2022-08-07 01:02:53.109  INFO 12112 --- [restartedMain] o.s.s.web.DefaultSecurityFilterChain     : Will secure Ant [pattern='/webjars/**'] with []
2022-08-07 01:02:53.122  INFO 12112 --- [restartedMain] o.s.s.web.DefaultSecurityFilterChain     : Will not secure any request
2022-08-07 01:02:53.212  INFO 12112 --- [restartedMain] o.s.b.a.w.s.WelcomePageHandlerMapping    : Adding welcome page template: index
2022-08-07 01:02:53.768  INFO 12112 --- [restartedMain] o.s.b.d.a.OptionalLiveReloadServer       : LiveReload server is running on port 35729
2022-08-07 01:02:53.783  INFO 12112 --- [restartedMain] o.s.b.w.embedded.tomcat.TomcatWebServer  : Tomcat started on port(s): 8080 (http) with context path '/MediCareAdmin'
2022-08-07 01:02:53.796  INFO 12112 --- [restartedMain] c.m.admin.MediCareBackEndApplication     : Started MediCareBackEndApplication in 1.594 seconds (JVM running for 532.071)
2022-08-07 01:02:53.801  INFO 12112 --- [restartedMain] .ConditionEvaluationDeltaLoggingListener : Condition evaluation unchanged
2022-08-07 01:04:12.401  INFO 12112 --- [RMI TCP Connection(26)-127.0.0.1] inMXBeanRegistrar$SpringApplicationAdmin : Application shutdown requested.
2022-08-07 01:04:12.433  INFO 12112 --- [RMI TCP Connection(26)-127.0.0.1] j.LocalContainerEntityManagerFactoryBean : Closing JPA EntityManagerFactory for persistence unit 'default'
2022-08-07 01:04:12.434  INFO 12112 --- [RMI TCP Connection(26)-127.0.0.1] com.zaxxer.hikari.HikariDataSource       : HikariPool-5 - Shutdown initiated...
2022-08-07 01:04:12.440  INFO 12112 --- [RMI TCP Connection(26)-127.0.0.1] com.zaxxer.hikari.HikariDataSource       : HikariPool-5 - Shutdown completed.
2022-08-07 01:06:55.692  INFO 14320 --- [restartedMain] c.m.admin.MediCareBackEndApplication     : Starting MediCareBackEndApplication using Java 15.0.2 on DESKTOP-CGI9PMJ with PID 14320 (C:\MediCare\MediCareProject\MediCareWebParent\MediCareBackEnd\target\classes started by ABHINAV in C:\MediCare\MediCareProject\MediCareWebParent\MediCareBackEnd)
2022-08-07 01:06:55.697  INFO 14320 --- [restartedMain] c.m.admin.MediCareBackEndApplication     : No active profile set, falling back to 1 default profile: "default"
2022-08-07 01:06:55.811  INFO 14320 --- [restartedMain] .e.DevToolsPropertyDefaultsPostProcessor : Devtools property defaults active! Set 'spring.devtools.add-properties' to 'false' to disable
2022-08-07 01:06:55.811  INFO 14320 --- [restartedMain] .e.DevToolsPropertyDefaultsPostProcessor : For additional web related logging consider setting the 'logging.level.web' property to 'DEBUG'
2022-08-07 01:06:56.874  INFO 14320 --- [restartedMain] .s.d.r.c.RepositoryConfigurationDelegate : Bootstrapping Spring Data JPA repositories in DEFAULT mode.
2022-08-07 01:06:56.962  INFO 14320 --- [restartedMain] .s.d.r.c.RepositoryConfigurationDelegate : Finished Spring Data repository scanning in 72 ms. Found 2 JPA repository interfaces.
2022-08-07 01:06:57.810  INFO 14320 --- [restartedMain] o.s.b.w.embedded.tomcat.TomcatWebServer  : Tomcat initialized with port(s): 8080 (http)
2022-08-07 01:06:57.824  INFO 14320 --- [restartedMain] o.apache.catalina.core.StandardService   : Starting service [Tomcat]
2022-08-07 01:06:57.825  INFO 14320 --- [restartedMain] org.apache.catalina.core.StandardEngine  : Starting Servlet engine: [Apache Tomcat/9.0.60]
2022-08-07 01:06:57.969  INFO 14320 --- [restartedMain] o.a.c.c.C.[.[.[/MediCareAdmin]           : Initializing Spring embedded WebApplicationContext
2022-08-07 01:06:57.969  INFO 14320 --- [restartedMain] w.s.c.ServletWebServerApplicationContext : Root WebApplicationContext: initialization completed in 2156 ms
2022-08-07 01:06:58.236  INFO 14320 --- [restartedMain] o.hibernate.jpa.internal.util.LogHelper  : HHH000204: Processing PersistenceUnitInfo [name: default]
2022-08-07 01:06:58.315  INFO 14320 --- [restartedMain] org.hibernate.Version                    : HHH000412: Hibernate ORM core version 5.6.7.Final
2022-08-07 01:06:58.538  INFO 14320 --- [restartedMain] o.hibernate.annotations.common.Version   : HCANN000001: Hibernate Commons Annotations {5.1.2.Final}
2022-08-07 01:06:58.700  INFO 14320 --- [restartedMain] com.zaxxer.hikari.HikariDataSource       : HikariPool-1 - Starting...
2022-08-07 01:06:59.086  INFO 14320 --- [restartedMain] com.zaxxer.hikari.HikariDataSource       : HikariPool-1 - Start completed.
2022-08-07 01:06:59.111  INFO 14320 --- [restartedMain] org.hibernate.dialect.Dialect            : HHH000400: Using dialect: org.hibernate.dialect.MySQL8Dialect
2022-08-07 01:07:00.137  INFO 14320 --- [restartedMain] o.h.e.t.j.p.i.JtaPlatformInitiator       : HHH000490: Using JtaPlatform implementation: [org.hibernate.engine.transaction.jta.platform.internal.NoJtaPlatform]
2022-08-07 01:07:00.151  INFO 14320 --- [restartedMain] j.LocalContainerEntityManagerFactoryBean : Initialized JPA EntityManagerFactory for persistence unit 'default'
2022-08-07 01:07:00.239  WARN 14320 --- [restartedMain] JpaBaseConfiguration$JpaWebConfiguration : spring.jpa.open-in-view is enabled by default. Therefore, database queries may be performed during view rendering. Explicitly configure spring.jpa.open-in-view to disable this warning
2022-08-07 01:07:00.991  WARN 14320 --- [restartedMain] o.s.s.c.a.web.builders.WebSecurity       : You are asking Spring Security to ignore Ant [pattern='/images/**']. This is not recommended -- please use permitAll via HttpSecurity#authorizeHttpRequests instead.
2022-08-07 01:07:00.992  INFO 14320 --- [restartedMain] o.s.s.web.DefaultSecurityFilterChain     : Will secure Ant [pattern='/images/**'] with []
2022-08-07 01:07:00.993  WARN 14320 --- [restartedMain] o.s.s.c.a.web.builders.WebSecurity       : You are asking Spring Security to ignore Ant [pattern='/js/**']. This is not recommended -- please use permitAll via HttpSecurity#authorizeHttpRequests instead.
2022-08-07 01:07:00.994  INFO 14320 --- [restartedMain] o.s.s.web.DefaultSecurityFilterChain     : Will secure Ant [pattern='/js/**'] with []
2022-08-07 01:07:00.995  WARN 14320 --- [restartedMain] o.s.s.c.a.web.builders.WebSecurity       : You are asking Spring Security to ignore Ant [pattern='/webjars/**']. This is not recommended -- please use permitAll via HttpSecurity#authorizeHttpRequests instead.
2022-08-07 01:07:00.995  INFO 14320 --- [restartedMain] o.s.s.web.DefaultSecurityFilterChain     : Will secure Ant [pattern='/webjars/**'] with []
2022-08-07 01:07:01.047  INFO 14320 --- [restartedMain] o.s.s.web.DefaultSecurityFilterChain     : Will not secure any request
2022-08-07 01:07:01.337  INFO 14320 --- [restartedMain] o.s.b.a.w.s.WelcomePageHandlerMapping    : Adding welcome page template: index
2022-08-07 01:07:02.208  INFO 14320 --- [restartedMain] o.s.b.d.a.OptionalLiveReloadServer       : LiveReload server is running on port 35729
2022-08-07 01:07:02.270  INFO 14320 --- [restartedMain] o.s.b.w.embedded.tomcat.TomcatWebServer  : Tomcat started on port(s): 8080 (http) with context path '/MediCareAdmin'
2022-08-07 01:07:02.285  INFO 14320 --- [restartedMain] c.m.admin.MediCareBackEndApplication     : Started MediCareBackEndApplication in 7.198 seconds (JVM running for 8.331)
2022-08-07 01:08:04.545  INFO 14320 --- [Thread-5] j.LocalContainerEntityManagerFactoryBean : Closing JPA EntityManagerFactory for persistence unit 'default'
2022-08-07 01:08:04.551  INFO 14320 --- [Thread-5] com.zaxxer.hikari.HikariDataSource       : HikariPool-1 - Shutdown initiated...
2022-08-07 01:08:04.565  INFO 14320 --- [Thread-5] com.zaxxer.hikari.HikariDataSource       : HikariPool-1 - Shutdown completed.
